============================= test session starts =============================
platform win32 -- Python 3.13.5, pytest-8.4.0, pluggy-1.6.0
rootdir: C:\مشاريع\Miyad1\backend
configfile: pyproject.toml
testpaths: tests
plugins: anyio-4.13.0
collected 13 items

tests\test_api.py .......                                                [ 53%]
tests\test_config.py ..                                                  [ 69%]
tests\test_llm.py ...                                                    [ 92%]
tests\test_supabase_storage.py .                                         [100%]

============================= 13 passed in 4.11s ==============================
